<?xml version="1.0" encoding="UTF-8"?>
<!-- Generated by org.testng.reporters.JUnitXMLReporter -->
<testsuite ignored="0" hostname="LAPTOP-S9NQ5FO6" failures="0" tests="3" name="Default test" time="0.037" errors="0" timestamp="2020-06-01T09:14:01 IST">
  <testcase classname="TestCalculate" name="EmptyString" time="0.006"/>
  <testcase classname="TestCalculate" name="SingleString" time="0.001"/>
  <testcase classname="TestCalculate" name="TwoStringsDelimitedByCommaReturnsTheSum" time="0.001"/>
</testsuite> <!-- Default test -->
