<?xml version="1.0" encoding="UTF-8"?>
<!-- Generated by org.testng.reporters.JUnitXMLReporter -->
<testsuite ignored="0" hostname="LAPTOP-S9NQ5FO6" failures="0" tests="9" name="Default test" time="0.056" errors="0" timestamp="2020-06-01T09:53:02 IST">
  <testcase classname="TestCalculate" name="CustomDelimiter" time="0.005"/>
  <testcase classname="TestCalculate" name="EmptyString" time="0.001"/>
  <testcase classname="TestCalculate" name="IgnoreNumbersGreaterThanThousand" time="0.001"/>
  <testcase classname="TestCalculate" name="NegativeNumbersThrowexception" time="0.001"/>
  <testcase classname="TestCalculate" name="SingleString" time="0.002"/>
  <testcase classname="TestCalculate" name="TheNegativeNumberReturnInTheExceptionMessage" time="0.001"/>
  <testcase classname="TestCalculate" name="ThreeNumberDelimitedEitherWay" time="0.001"/>
  <testcase classname="TestCalculate" name="TwoNumbersDelimitedByNewLineReturnsTheSum" time="0.001"/>
  <testcase classname="TestCalculate" name="TwoStringsDelimitedByCommaReturnsTheSum" time="0.001"/>
</testsuite> <!-- Default test -->
