<?xml version="1.0" encoding="UTF-8"?>
<testng-results ignored="0" total="5" passed="5" failed="0" skipped="0">
  <reporter-output>
  </reporter-output>
  <suite started-at="2020-06-01T09:31:17 IST" name="Default suite" finished-at="2020-06-01T09:31:17 IST" duration-ms="38">
    <groups>
    </groups>
    <test started-at="2020-06-01T09:31:17 IST" name="Default test" finished-at="2020-06-01T09:31:17 IST" duration-ms="38">
      <class name="TestCalculate">
        <test-method is-config="true" signature="init()[pri:0, instance:TestCalculate@79ad8b2f]" started-at="2020-06-01T09:31:17 IST" name="init" finished-at="2020-06-01T09:31:17 IST" duration-ms="6" status="PASS">
          <reporter-output>
          </reporter-output>
        </test-method> <!-- init -->
        <test-method signature="EmptyString()[pri:0, instance:TestCalculate@79ad8b2f]" started-at="2020-06-01T09:31:17 IST" name="EmptyString" finished-at="2020-06-01T09:31:17 IST" duration-ms="4" status="PASS">
          <reporter-output>
          </reporter-output>
        </test-method> <!-- EmptyString -->
        <test-method signature="SingleString()[pri:0, instance:TestCalculate@79ad8b2f]" started-at="2020-06-01T09:31:17 IST" name="SingleString" finished-at="2020-06-01T09:31:17 IST" duration-ms="1" status="PASS">
          <reporter-output>
          </reporter-output>
        </test-method> <!-- SingleString -->
        <test-method signature="ThreeNumberDelimitedEitherWay()[pri:0, instance:TestCalculate@79ad8b2f]" started-at="2020-06-01T09:31:17 IST" name="ThreeNumberDelimitedEitherWay" finished-at="2020-06-01T09:31:17 IST" duration-ms="1" status="PASS">
          <reporter-output>
          </reporter-output>
        </test-method> <!-- ThreeNumberDelimitedEitherWay -->
        <test-method signature="TwoNumbersDelimitedByNewLineReturnsTheSum()[pri:0, instance:TestCalculate@79ad8b2f]" started-at="2020-06-01T09:31:17 IST" name="TwoNumbersDelimitedByNewLineReturnsTheSum" finished-at="2020-06-01T09:31:17 IST" duration-ms="1" status="PASS">
          <reporter-output>
          </reporter-output>
        </test-method> <!-- TwoNumbersDelimitedByNewLineReturnsTheSum -->
        <test-method signature="TwoStringsDelimitedByCommaReturnsTheSum()[pri:0, instance:TestCalculate@79ad8b2f]" started-at="2020-06-01T09:31:17 IST" name="TwoStringsDelimitedByCommaReturnsTheSum" finished-at="2020-06-01T09:31:17 IST" duration-ms="0" status="PASS">
          <reporter-output>
          </reporter-output>
        </test-method> <!-- TwoStringsDelimitedByCommaReturnsTheSum -->
      </class> <!-- TestCalculate -->
    </test> <!-- Default test -->
  </suite> <!-- Default suite -->
</testng-results>
